{"D:\\Abhianv\\mernpoc\\src\\components\\Login.jsx": {"path":"D:\\Abhianv\\mernpoc\\src\\components\\Login.jsx","statementMap":{"0":{"start":{"line":8,"column":16},"end":{"line":8,"column":null}},"1":{"start":{"line":9,"column":8},"end":{"line":9,"column":null}},"2":{"start":{"line":11,"column":30},"end":{"line":14,"column":null}},"3":{"start":{"line":16,"column":23},"end":{"line":21,"column":null}},"4":{"start":{"line":17,"column":4},"end":{"line":20,"column":null}},"5":{"start":{"line":23,"column":23},"end":{"line":41,"column":null}},"6":{"start":{"line":25,"column":4},"end":{"line":25,"column":null}},"7":{"start":{"line":27,"column":21},"end":{"line":31,"column":null}},"8":{"start":{"line":33,"column":17},"end":{"line":33,"column":null}},"9":{"start":{"line":35,"column":4},"end":{"line":40,"column":null}},"10":{"start":{"line":36,"column":6},"end":{"line":36,"column":null}},"11":{"start":{"line":37,"column":6},"end":{"line":37,"column":null}},"12":{"start":{"line":39,"column":6},"end":{"line":39,"column":null}},"13":{"start":{"line":43,"column":2},"end":{"line":75,"column":null}}},"fnMap":{"0":{"name":"Login","decl":{"start":{"line":6,"column":9},"end":{"line":6,"column":17}},"loc":{"start":{"line":6,"column":17},"end":{"line":78,"column":null}},"line":6},"1":{"name":"(anonymous_1)","decl":{"start":{"line":16,"column":23},"end":{"line":16,"column":24}},"loc":{"start":{"line":16,"column":30},"end":{"line":21,"column":null}},"line":16},"2":{"name":"(anonymous_2)","decl":{"start":{"line":23,"column":23},"end":{"line":23,"column":30}},"loc":{"start":{"line":23,"column":36},"end":{"line":41,"column":null}},"line":23}},"branchMap":{"0":{"loc":{"start":{"line":35,"column":4},"end":{"line":40,"column":null}},"type":"if","locations":[{"start":{"line":35,"column":4},"end":{"line":40,"column":null}},{"start":{"line":38,"column":11},"end":{"line":40,"column":null}}],"line":35}},"s":{"0":10,"1":10,"2":10,"3":10,"4":6,"5":10,"6":2,"7":2,"8":2,"9":2,"10":1,"11":1,"12":1,"13":10},"f":{"0":10,"1":6,"2":2},"b":{"0":[1,1]},"meta":{"lastBranch":1,"lastFunction":3,"lastStatement":14,"seen":{"f:6:9:6:17":0,"s:8:16:8:Infinity":0,"s:9:8:9:Infinity":1,"s:11:30:14:Infinity":2,"s:16:23:21:Infinity":3,"f:16:23:16:24":1,"s:17:4:20:Infinity":4,"s:23:23:41:Infinity":5,"f:23:23:23:30":2,"s:25:4:25:Infinity":6,"s:27:21:31:Infinity":7,"s:33:17:33:Infinity":8,"b:35:4:40:Infinity:38:11:40:Infinity":0,"s:35:4:40:Infinity":9,"s:36:6:36:Infinity":10,"s:37:6:37:Infinity":11,"s:39:6:39:Infinity":12,"s:43:2:75:Infinity":13},"fnNames":{}}}
,"D:\\Abhianv\\mernpoc\\src\\context\\AuthContext.jsx": {"path":"D:\\Abhianv\\mernpoc\\src\\context\\AuthContext.jsx","statementMap":{"0":{"start":{"line":3,"column":13},"end":{"line":3,"column":null}},"1":{"start":{"line":5,"column":28},"end":{"line":37,"column":null}},"2":{"start":{"line":6,"column":34},"end":{"line":6,"column":null}},"3":{"start":{"line":7,"column":30},"end":{"line":7,"column":null}},"4":{"start":{"line":9,"column":2},"end":{"line":14,"column":null}},"5":{"start":{"line":10,"column":18},"end":{"line":10,"column":null}},"6":{"start":{"line":11,"column":17},"end":{"line":11,"column":null}},"7":{"start":{"line":12,"column":4},"end":{"line":12,"column":null}},"8":{"start":{"line":13,"column":4},"end":{"line":13,"column":null}},"9":{"start":{"line":16,"column":16},"end":{"line":23,"column":null}},"10":{"start":{"line":17,"column":4},"end":{"line":17,"column":null}},"11":{"start":{"line":18,"column":4},"end":{"line":21,"column":null}},"12":{"start":{"line":19,"column":6},"end":{"line":19,"column":null}},"13":{"start":{"line":20,"column":6},"end":{"line":20,"column":null}},"14":{"start":{"line":22,"column":4},"end":{"line":22,"column":null}},"15":{"start":{"line":25,"column":17},"end":{"line":30,"column":null}},"16":{"start":{"line":26,"column":4},"end":{"line":26,"column":null}},"17":{"start":{"line":27,"column":4},"end":{"line":27,"column":null}},"18":{"start":{"line":28,"column":4},"end":{"line":28,"column":null}},"19":{"start":{"line":29,"column":4},"end":{"line":29,"column":null}},"20":{"start":{"line":32,"column":2},"end":{"line":35,"column":null}}},"fnMap":{"0":{"name":"(anonymous_0)","decl":{"start":{"line":5,"column":28},"end":{"line":5,"column":29}},"loc":{"start":{"line":5,"column":46},"end":{"line":37,"column":null}},"line":5},"1":{"name":"(anonymous_1)","decl":{"start":{"line":9,"column":12},"end":{"line":9,"column":18}},"loc":{"start":{"line":9,"column":18},"end":{"line":14,"column":5}},"line":9},"2":{"name":"(anonymous_2)","decl":{"start":{"line":16,"column":16},"end":{"line":16,"column":17}},"loc":{"start":{"line":16,"column":40},"end":{"line":23,"column":null}},"line":16},"3":{"name":"(anonymous_3)","decl":{"start":{"line":25,"column":17},"end":{"line":25,"column":23}},"loc":{"start":{"line":25,"column":23},"end":{"line":30,"column":null}},"line":25}},"branchMap":{"0":{"loc":{"start":{"line":16,"column":24},"end":{"line":16,"column":40}},"type":"default-arg","locations":[{"start":{"line":16,"column":31},"end":{"line":16,"column":40}}],"line":16},"1":{"loc":{"start":{"line":18,"column":4},"end":{"line":21,"column":null}},"type":"if","locations":[{"start":{"line":18,"column":4},"end":{"line":21,"column":null}},{"start":{},"end":{}}],"line":18}},"s":{"0":1,"1":1,"2":0,"3":0,"4":0,"5":0,"6":0,"7":0,"8":0,"9":0,"10":0,"11":0,"12":0,"13":0,"14":0,"15":0,"16":0,"17":0,"18":0,"19":0,"20":0},"f":{"0":0,"1":0,"2":0,"3":0},"b":{"0":[0],"1":[0,0]},"meta":{"lastBranch":2,"lastFunction":4,"lastStatement":21,"seen":{"s:3:13:3:Infinity":0,"s:5:28:37:Infinity":1,"f:5:28:5:29":0,"s:6:34:6:Infinity":2,"s:7:30:7:Infinity":3,"s:9:2:14:Infinity":4,"f:9:12:9:18":1,"s:10:18:10:Infinity":5,"s:11:17:11:Infinity":6,"s:12:4:12:Infinity":7,"s:13:4:13:Infinity":8,"s:16:16:23:Infinity":9,"f:16:16:16:17":2,"b:16:31:16:40":0,"s:17:4:17:Infinity":10,"b:18:4:21:Infinity:undefined:undefined:undefined:undefined":1,"s:18:4:21:Infinity":11,"s:19:6:19:Infinity":12,"s:20:6:20:Infinity":13,"s:22:4:22:Infinity":14,"s:25:17:30:Infinity":15,"f:25:17:25:23":3,"s:26:4:26:Infinity":16,"s:27:4:27:Infinity":17,"s:28:4:28:Infinity":18,"s:29:4:29:Infinity":19,"s:32:2:35:Infinity":20},"fnNames":{}}}
}
